# JRE version: OpenJDK Runtime Environment (8.0_152-b02) (build 1.8.0_152-release-1024-b02)
# Java VM: OpenJDK 64-Bit Server VM (25.152-b02 mixed mode windows-amd64 compressed oops)
Heap:
 PSYoungGen      total 111616K, used 1966K [0x00000000e0000000, 0x00000000e7900000, 0x0000000100000000)
  eden space 105472K, 1% used [0x00000000e0000000,0x00000000e01ebbc8,0x00000000e6700000)
  from space 6144K, 0% used [0x00000000e7300000,0x00000000e7300000,0x00000000e7900000)
  to   space 9216K, 0% used [0x00000000e6700000,0x00000000e6700000,0x00000000e7000000)
 ParOldGen       total 60416K, used 14823K [0x00000000a0000000, 0x00000000a3b00000, 0x00000000e0000000)
  object space 60416K, 24% used [0x00000000a0000000,0x00000000a0e79d48,0x00000000a3b00000)
 Metaspace       used 35489K, capacity 36180K, committed 36568K, reserved 1083392K
  class space    used 4827K, capacity 5062K, committed 5120K, reserved 1048576K
GC Heap History (10 events):
Event: 44.261 GC heap before
{Heap before GC invocations=13 (full 1):
 PSYoungGen      total 64000K, used 57666K [0x00000000e0000000, 0x00000000e5d80000, 0x0000000100000000)
  eden space 55296K, 100% used [0x00000000e0000000,0x00000000e3600000,0x00000000e3600000)
  from space 8704K, 27% used [0x00000000e3600000,0x00000000e3850a00,0x00000000e3e80000)
  to   space 8704K, 0% used [0x00000000e5500000,0x00000000e5500000,0x00000000e5d80000)
 ParOldGen       total 41984K, used 12308K [0x00000000a0000000, 0x00000000a2900000, 0x00000000e0000000)
  object space 41984K, 29% used [0x00000000a0000000,0x00000000a0c052a0,0x00000000a2900000)
 Metaspace       used 33835K, capacity 34436K, committed 34560K, reserved 1079296K
  class space    used 4606K, capacity 4843K, committed 4864K, reserved 1048576K
Event: 44.276 GC heap after
Heap after GC invocations=13 (full 1):
 PSYoungGen      total 82944K, used 3908K [0x00000000e0000000, 0x00000000e5b80000, 0x0000000100000000)
  eden space 76288K, 0% used [0x00000000e0000000,0x00000000e0000000,0x00000000e4a80000)
  from space 6656K, 58% used [0x00000000e5500000,0x00000000e58d11f8,0x00000000e5b80000)
  to   space 8704K, 0% used [0x00000000e4a80000,0x00000000e4a80000,0x00000000e5300000)
 ParOldGen       total 41984K, used 13336K [0x00000000a0000000, 0x00000000a2900000, 0x00000000e0000000)
  object space 41984K, 31% used [0x00000000a0000000,0x00000000a0d06300,0x00000000a2900000)
 Metaspace       used 33835K, capacity 34436K, committed 34560K, reserved 1079296K
  class space    used 4606K, capacity 4843K, committed 4864K, reserved 1048576K
}
Event: 44.620 GC heap before
{Heap before GC invocations=14 (full 1):
 PSYoungGen      total 82944K, used 5341K [0x00000000e0000000, 0x00000000e5b80000, 0x0000000100000000)
  eden space 76288K, 1% used [0x00000000e0000000,0x00000000e01664f0,0x00000000e4a80000)
  from space 6656K, 58% used [0x00000000e5500000,0x00000000e58d11f8,0x00000000e5b80000)
  to   space 8704K, 0% used [0x00000000e4a80000,0x00000000e4a80000,0x00000000e5300000)
 ParOldGen       total 41984K, used 13336K [0x00000000a0000000, 0x00000000a2900000, 0x00000000e0000000)
  object space 41984K, 31% used [0x00000000a0000000,0x00000000a0d06300,0x00000000a2900000)
 Metaspace       used 34750K, capacity 35346K, committed 35416K, reserved 1079296K
  class space    used 4734K, capacity 4976K, committed 4992K, reserved 1048576K
Event: 44.628 GC heap after
Heap after GC invocations=14 (full 1):
 PSYoungGen      total 84992K, used 384K [0x00000000e0000000, 0x00000000e7c00000, 0x0000000100000000)
  eden space 76288K, 0% used [0x00000000e0000000,0x00000000e0000000,0x00000000e4a80000)
  from space 8704K, 4% used [0x00000000e4a80000,0x00000000e4ae0000,0x00000000e5300000)
  to   space 9216K, 0% used [0x00000000e7300000,0x00000000e7300000,0x00000000e7c00000)
 ParOldGen       total 41984K, used 15140K [0x00000000a0000000, 0x00000000a2900000, 0x00000000e0000000)
  object space 41984K, 36% used [0x00000000a0000000,0x00000000a0ec9380,0x00000000a2900000)
 Metaspace       used 34750K, capacity 35346K, committed 35416K, reserved 1079296K
  class space    used 4734K, capacity 4976K, committed 4992K, reserved 1048576K
}
Event: 44.628 GC heap before
{Heap before GC invocations=15 (full 2):
 PSYoungGen      total 84992K, used 384K [0x00000000e0000000, 0x00000000e7c00000, 0x0000000100000000)
  eden space 76288K, 0% used [0x00000000e0000000,0x00000000e0000000,0x00000000e4a80000)
  from space 8704K, 4% used [0x00000000e4a80000,0x00000000e4ae0000,0x00000000e5300000)
  to   space 9216K, 0% used [0x00000000e7300000,0x00000000e7300000,0x00000000e7c00000)
 ParOldGen       total 41984K, used 15140K [0x00000000a0000000, 0x00000000a2900000, 0x00000000e0000000)
  object space 41984K, 36% used [0x00000000a0000000,0x00000000a0ec9380,0x00000000a2900000)
 Metaspace       used 34750K, capacity 35346K, committed 35416K, reserved 1079296K
  class space    used 4734K, capacity 4976K, committed 4992K, reserved 1048576K
Event: 44.821 GC heap after
Heap after GC invocations=15 (full 2):
 PSYoungGen      total 84992K, used 0K [0x00000000e0000000, 0x00000000e7c00000, 0x0000000100000000)
  eden space 76288K, 0% used [0x00000000e0000000,0x00000000e0000000,0x00000000e4a80000)
  from space 8704K, 0% used [0x00000000e4a80000,0x00000000e4a80000,0x00000000e5300000)
  to   space 9216K, 0% used [0x00000000e7300000,0x00000000e7300000,0x00000000e7c00000)
 ParOldGen       total 60416K, used 14523K [0x00000000a0000000, 0x00000000a3b00000, 0x00000000e0000000)
  object space 60416K, 24% used [0x00000000a0000000,0x00000000a0e2ee50,0x00000000a3b00000)
 Metaspace       used 34750K, capacity 35346K, committed 35416K, reserved 1079296K
  class space    used 4734K, capacity 4976K, committed 4992K, reserved 1048576K
}
Event: 45.224 GC heap before
{Heap before GC invocations=16 (full 2):
 PSYoungGen      total 84992K, used 2855K [0x00000000e0000000, 0x00000000e7c00000, 0x0000000100000000)
  eden space 76288K, 3% used [0x00000000e0000000,0x00000000e02c9f80,0x00000000e4a80000)
  from space 8704K, 0% used [0x00000000e4a80000,0x00000000e4a80000,0x00000000e5300000)
  to   space 9216K, 0% used [0x00000000e7300000,0x00000000e7300000,0x00000000e7c00000)
 ParOldGen       total 60416K, used 14523K [0x00000000a0000000, 0x00000000a3b00000, 0x00000000e0000000)
  object space 60416K, 24% used [0x00000000a0000000,0x00000000a0e2ee50,0x00000000a3b00000)
 Metaspace       used 35472K, capacity 36116K, committed 36312K, reserved 1085440K
  class space    used 4823K, capacity 5062K, committed 5120K, reserved 1048576K
Event: 45.228 GC heap after
Heap after GC invocations=16 (full 2):
 PSYoungGen      total 111616K, used 480K [0x00000000e0000000, 0x00000000e7900000, 0x0000000100000000)
  eden space 105472K, 0% used [0x00000000e0000000,0x00000000e0000000,0x00000000e6700000)
  from space 6144K, 7% used [0x00000000e7300000,0x00000000e7378000,0x00000000e7900000)
  to   space 9216K, 0% used [0x00000000e6700000,0x00000000e6700000,0x00000000e7000000)
 ParOldGen       total 60416K, used 14531K [0x00000000a0000000, 0x00000000a3b00000, 0x00000000e0000000)
  object space 60416K, 24% used [0x00000000a0000000,0x00000000a0e30e50,0x00000000a3b00000)
 Metaspace       used 35472K, capacity 36116K, committed 36312K, reserved 1085440K
  class space    used 4823K, capacity 5062K, committed 5120K, reserved 1048576K
}
Event: 45.228 GC heap before
{Heap before GC invocations=17 (full 3):
 PSYoungGen      total 111616K, used 480K [0x00000000e0000000, 0x00000000e7900000, 0x0000000100000000)
  eden space 105472K, 0% used [0x00000000e0000000,0x00000000e0000000,0x00000000e6700000)
  from space 6144K, 7% used [0x00000000e7300000,0x00000000e7378000,0x00000000e7900000)
  to   space 9216K, 0% used [0x00000000e6700000,0x00000000e6700000,0x00000000e7000000)
 ParOldGen       total 60416K, used 14531K [0x00000000a0000000, 0x00000000a3b00000, 0x00000000e0000000)
  object space 60416K, 24% used [0x00000000a0000000,0x00000000a0e30e50,0x00000000a3b00000)
 Metaspace       used 35472K, capacity 36116K, committed 36312K, reserved 1085440K
  class space    used 4823K, capacity 5062K, committed 5120K, reserved 1048576K
Event: 45.531 GC heap after
Heap after GC invocations=17 (full 3):
 PSYoungGen      total 111616K, used 0K [0x00000000e0000000, 0x00000000e7900000, 0x0000000100000000)
  eden space 105472K, 0% used [0x00000000e0000000,0x00000000e0000000,0x00000000e6700000)
  from space 6144K, 0% used [0x00000000e7300000,0x00000000e7300000,0x00000000e7900000)
  to   space 9216K, 0% used [0x00000000e6700000,0x00000000e6700000,0x00000000e7000000)
 ParOldGen       total 60416K, used 14823K [0x00000000a0000000, 0x00000000a3b00000, 0x00000000e0000000)
  object space 60416K, 24% used [0x00000000a0000000,0x00000000a0e79d48,0x00000000a3b00000)
 Metaspace       used 35472K, capacity 36116K, committed 36312K, reserved 1083392K
  class space    used 4823K, capacity 5062K, committed 5120K, reserved 1048576K
}

