# JRE version: OpenJDK Runtime Environment (8.0_152-b02) (build 1.8.0_152-release-1024-b02)
# Java VM: OpenJDK 64-Bit Server VM (25.152-b02 mixed mode windows-amd64 compressed oops)
Heap:
 PSYoungGen      total 163840K, used 64533K [0x00000000e0000000, 0x00000000eaf00000, 0x0000000100000000)
  eden space 152576K, 34% used [0x00000000e0000000,0x00000000e340afa0,0x00000000e9500000)
  from space 11264K, 99% used [0x00000000ea400000,0x00000000eaefa5a8,0x00000000eaf00000)
  to   space 13312K, 0% used [0x00000000e9500000,0x00000000e9500000,0x00000000ea200000)
 ParOldGen       total 59904K, used 26939K [0x00000000a0000000, 0x00000000a3a80000, 0x00000000e0000000)
  object space 59904K, 44% used [0x00000000a0000000,0x00000000a1a4ef80,0x00000000a3a80000)
 Metaspace       used 53701K, capacity 55364K, committed 55640K, reserved 1097728K
  class space    used 7330K, capacity 7749K, committed 7808K, reserved 1048576K
GC Heap History (10 events):
Event: 11.325 GC heap before
{Heap before GC invocations=10 (full 1):
 PSYoungGen      total 87040K, used 86634K [0x00000000e0000000, 0x00000000e6880000, 0x0000000100000000)
  eden space 80896K, 100% used [0x00000000e0000000,0x00000000e4f00000,0x00000000e4f00000)
  from space 6144K, 93% used [0x00000000e6280000,0x00000000e681a830,0x00000000e6880000)
  to   space 8704K, 0% used [0x00000000e5780000,0x00000000e5780000,0x00000000e6000000)
 ParOldGen       total 39424K, used 6957K [0x00000000a0000000, 0x00000000a2680000, 0x00000000e0000000)
  object space 39424K, 17% used [0x00000000a0000000,0x00000000a06cb5f0,0x00000000a2680000)
 Metaspace       used 30664K, capacity 31128K, committed 31360K, reserved 1077248K
  class space    used 4195K, capacity 4365K, committed 4480K, reserved 1048576K
Event: 11.348 GC heap after
Heap after GC invocations=10 (full 1):
 PSYoungGen      total 98304K, used 8679K [0x00000000e0000000, 0x00000000e8380000, 0x0000000100000000)
  eden space 89600K, 0% used [0x00000000e0000000,0x00000000e0000000,0x00000000e5780000)
  from space 8704K, 99% used [0x00000000e5780000,0x00000000e5ff9e20,0x00000000e6000000)
  to   space 9728K, 0% used [0x00000000e7a00000,0x00000000e7a00000,0x00000000e8380000)
 ParOldGen       total 39424K, used 7648K [0x00000000a0000000, 0x00000000a2680000, 0x00000000e0000000)
  object space 39424K, 19% used [0x00000000a0000000,0x00000000a07781c8,0x00000000a2680000)
 Metaspace       used 30664K, capacity 31128K, committed 31360K, reserved 1077248K
  class space    used 4195K, capacity 4365K, committed 4480K, reserved 1048576K
}
Event: 15.832 GC heap before
{Heap before GC invocations=11 (full 1):
 PSYoungGen      total 98304K, used 97372K [0x00000000e0000000, 0x00000000e8380000, 0x0000000100000000)
  eden space 89600K, 98% used [0x00000000e0000000,0x00000000e569d260,0x00000000e5780000)
  from space 8704K, 99% used [0x00000000e5780000,0x00000000e5ff9e20,0x00000000e6000000)
  to   space 9728K, 0% used [0x00000000e7a00000,0x00000000e7a00000,0x00000000e8380000)
 ParOldGen       total 39424K, used 7648K [0x00000000a0000000, 0x00000000a2680000, 0x00000000e0000000)
  object space 39424K, 19% used [0x00000000a0000000,0x00000000a07781c8,0x00000000a2680000)
 Metaspace       used 34794K, capacity 35246K, committed 35416K, reserved 1079296K
  class space    used 4728K, capacity 4935K, committed 4992K, reserved 1048576K
Event: 15.858 GC heap after
Heap after GC invocations=11 (full 1):
 PSYoungGen      total 124416K, used 7174K [0x00000000e0000000, 0x00000000e8e00000, 0x0000000100000000)
  eden space 114688K, 0% used [0x00000000e0000000,0x00000000e0000000,0x00000000e7000000)
  from space 9728K, 73% used [0x00000000e7a00000,0x00000000e8101b00,0x00000000e8380000)
  to   space 10240K, 0% used [0x00000000e7000000,0x00000000e7000000,0x00000000e7a00000)
 ParOldGen       total 39424K, used 10656K [0x00000000a0000000, 0x00000000a2680000, 0x00000000e0000000)
  object space 39424K, 27% used [0x00000000a0000000,0x00000000a0a68248,0x00000000a2680000)
 Metaspace       used 34794K, capacity 35246K, committed 35416K, reserved 1079296K
  class space    used 4728K, capacity 4935K, committed 4992K, reserved 1048576K
}
Event: 15.858 GC heap before
{Heap before GC invocations=12 (full 2):
 PSYoungGen      total 124416K, used 7174K [0x00000000e0000000, 0x00000000e8e00000, 0x0000000100000000)
  eden space 114688K, 0% used [0x00000000e0000000,0x00000000e0000000,0x00000000e7000000)
  from space 9728K, 73% used [0x00000000e7a00000,0x00000000e8101b00,0x00000000e8380000)
  to   space 10240K, 0% used [0x00000000e7000000,0x00000000e7000000,0x00000000e7a00000)
 ParOldGen       total 39424K, used 10656K [0x00000000a0000000, 0x00000000a2680000, 0x00000000e0000000)
  object space 39424K, 27% used [0x00000000a0000000,0x00000000a0a68248,0x00000000a2680000)
 Metaspace       used 34794K, capacity 35246K, committed 35416K, reserved 1079296K
  class space    used 4728K, capacity 4935K, committed 4992K, reserved 1048576K
Event: 15.996 GC heap after
Heap after GC invocations=12 (full 2):
 PSYoungGen      total 124416K, used 0K [0x00000000e0000000, 0x00000000e8e00000, 0x0000000100000000)
  eden space 114688K, 0% used [0x00000000e0000000,0x00000000e0000000,0x00000000e7000000)
  from space 9728K, 0% used [0x00000000e7a00000,0x00000000e7a00000,0x00000000e8380000)
  to   space 10240K, 0% used [0x00000000e7000000,0x00000000e7000000,0x00000000e7a00000)
 ParOldGen       total 59904K, used 16663K [0x00000000a0000000, 0x00000000a3a80000, 0x00000000e0000000)
  object space 59904K, 27% used [0x00000000a0000000,0x00000000a1045e60,0x00000000a3a80000)
 Metaspace       used 34794K, capacity 35246K, committed 35416K, reserved 1079296K
  class space    used 4728K, capacity 4935K, committed 4992K, reserved 1048576K
}
Event: 25.599 GC heap before
{Heap before GC invocations=13 (full 2):
 PSYoungGen      total 124416K, used 114688K [0x00000000e0000000, 0x00000000e8e00000, 0x0000000100000000)
  eden space 114688K, 100% used [0x00000000e0000000,0x00000000e7000000,0x00000000e7000000)
  from space 9728K, 0% used [0x00000000e7a00000,0x00000000e7a00000,0x00000000e8380000)
  to   space 10240K, 0% used [0x00000000e7000000,0x00000000e7000000,0x00000000e7a00000)
 ParOldGen       total 59904K, used 16663K [0x00000000a0000000, 0x00000000a3a80000, 0x00000000e0000000)
  object space 59904K, 27% used [0x00000000a0000000,0x00000000a1045e60,0x00000000a3a80000)
 Metaspace       used 42372K, capacity 43256K, committed 43608K, reserved 1087488K
  class space    used 5666K, capacity 5951K, committed 6016K, reserved 1048576K
Event: 25.635 GC heap after
Heap after GC invocations=13 (full 2):
 PSYoungGen      total 124928K, used 10224K [0x00000000e0000000, 0x00000000eb000000, 0x0000000100000000)
  eden space 114688K, 0% used [0x00000000e0000000,0x00000000e0000000,0x00000000e7000000)
  from space 10240K, 99% used [0x00000000e7000000,0x00000000e79fc150,0x00000000e7a00000)
  to   space 12288K, 0% used [0x00000000ea400000,0x00000000ea400000,0x00000000eb000000)
 ParOldGen       total 59904K, used 19240K [0x00000000a0000000, 0x00000000a3a80000, 0x00000000e0000000)
  object space 59904K, 32% used [0x00000000a0000000,0x00000000a12ca058,0x00000000a3a80000)
 Metaspace       used 42372K, capacity 43256K, committed 43608K, reserved 1087488K
  class space    used 5666K, capacity 5951K, committed 6016K, reserved 1048576K
}
Event: 33.010 GC heap before
{Heap before GC invocations=14 (full 2):
 PSYoungGen      total 124928K, used 124912K [0x00000000e0000000, 0x00000000eb000000, 0x0000000100000000)
  eden space 114688K, 100% used [0x00000000e0000000,0x00000000e7000000,0x00000000e7000000)
  from space 10240K, 99% used [0x00000000e7000000,0x00000000e79fc150,0x00000000e7a00000)
  to   space 12288K, 0% used [0x00000000ea400000,0x00000000ea400000,0x00000000eb000000)
 ParOldGen       total 59904K, used 19240K [0x00000000a0000000, 0x00000000a3a80000, 0x00000000e0000000)
  object space 59904K, 32% used [0x00000000a0000000,0x00000000a12ca058,0x00000000a3a80000)
 Metaspace       used 51119K, capacity 52476K, committed 52824K, reserved 1095680K
  class space    used 6896K, capacity 7250K, committed 7296K, reserved 1048576K
Event: 33.061 GC heap after
Heap after GC invocations=14 (full 2):
 PSYoungGen      total 163840K, used 11241K [0x00000000e0000000, 0x00000000eaf00000, 0x0000000100000000)
  eden space 152576K, 0% used [0x00000000e0000000,0x00000000e0000000,0x00000000e9500000)
  from space 11264K, 99% used [0x00000000ea400000,0x00000000eaefa5a8,0x00000000eaf00000)
  to   space 13312K, 0% used [0x00000000e9500000,0x00000000e9500000,0x00000000ea200000)
 ParOldGen       total 59904K, used 26939K [0x00000000a0000000, 0x00000000a3a80000, 0x00000000e0000000)
  object space 59904K, 44% used [0x00000000a0000000,0x00000000a1a4ef80,0x00000000a3a80000)
 Metaspace       used 51119K, capacity 52476K, committed 52824K, reserved 1095680K
  class space    used 6896K, capacity 7250K, committed 7296K, reserved 1048576K
}

