# JRE version: OpenJDK Runtime Environment (8.0_152-b02) (build 1.8.0_152-release-1024-b02)
# Java VM: OpenJDK 64-Bit Server VM (25.152-b02 mixed mode windows-amd64 compressed oops)
Heap:
 PSYoungGen      total 437760K, used 93629K [0x00000000e0000000, 0x0000000100000000, 0x0000000100000000)
  eden space 366080K, 25% used [0x00000000e0000000,0x00000000e5b5f498,0x00000000f6580000)
  from space 71680K, 0% used [0x00000000f6580000,0x00000000f6590000,0x00000000fab80000)
  to   space 70144K, 0% used [0x00000000fbb80000,0x00000000fbb80000,0x0000000100000000)
 ParOldGen       total 214528K, used 174316K [0x00000000a0000000, 0x00000000ad180000, 0x00000000e0000000)
  object space 214528K, 81% used [0x00000000a0000000,0x00000000aaa3b0b0,0x00000000ad180000)
 Metaspace       used 131547K, capacity 140480K, committed 140760K, reserved 1171456K
  class space    used 16715K, capacity 18627K, committed 18688K, reserved 1048576K
GC Heap History (10 events):
Event: 7635.149 GC heap before
{Heap before GC invocations=69 (full 6):
 PSYoungGen      total 427008K, used 343648K [0x00000000e0000000, 0x00000000ffa80000, 0x0000000100000000)
  eden space 343552K, 100% used [0x00000000e0000000,0x00000000f4f80000,0x00000000f4f80000)
  from space 83456K, 0% used [0x00000000fa900000,0x00000000fa918000,0x00000000ffa80000)
  to   space 87552K, 0% used [0x00000000f4f80000,0x00000000f4f80000,0x00000000fa500000)
 ParOldGen       total 214528K, used 151644K [0x00000000a0000000, 0x00000000ad180000, 0x00000000e0000000)
  object space 214528K, 70% used [0x00000000a0000000,0x00000000a94173d0,0x00000000ad180000)
 Metaspace       used 130425K, capacity 138550K, committed 138584K, reserved 1169408K
  class space    used 16524K, capacity 18298K, committed 18304K, reserved 1048576K
Event: 7635.181 GC heap after
Heap after GC invocations=69 (full 6):
 PSYoungGen      total 431104K, used 1598K [0x00000000e0000000, 0x00000000fff00000, 0x0000000100000000)
  eden space 343552K, 0% used [0x00000000e0000000,0x00000000e0000000,0x00000000f4f80000)
  from space 87552K, 1% used [0x00000000f4f80000,0x00000000f510f8d8,0x00000000fa500000)
  to   space 84992K, 0% used [0x00000000fac00000,0x00000000fac00000,0x00000000fff00000)
 ParOldGen       total 214528K, used 151684K [0x00000000a0000000, 0x00000000ad180000, 0x00000000e0000000)
  object space 214528K, 70% used [0x00000000a0000000,0x00000000a94213d0,0x00000000ad180000)
 Metaspace       used 130425K, capacity 138550K, committed 138584K, reserved 1169408K
  class space    used 16524K, capacity 18298K, committed 18304K, reserved 1048576K
}
Event: 7664.022 GC heap before
{Heap before GC invocations=70 (full 6):
 PSYoungGen      total 431104K, used 345043K [0x00000000e0000000, 0x00000000fff00000, 0x0000000100000000)
  eden space 343552K, 99% used [0x00000000e0000000,0x00000000f4f65508,0x00000000f4f80000)
  from space 87552K, 1% used [0x00000000f4f80000,0x00000000f510f8d8,0x00000000fa500000)
  to   space 84992K, 0% used [0x00000000fac00000,0x00000000fac00000,0x00000000fff00000)
 ParOldGen       total 214528K, used 151684K [0x00000000a0000000, 0x00000000ad180000, 0x00000000e0000000)
  object space 214528K, 70% used [0x00000000a0000000,0x00000000a94213d0,0x00000000ad180000)
 Metaspace       used 130584K, capacity 138742K, committed 138968K, reserved 1169408K
  class space    used 16531K, capacity 18308K, committed 18432K, reserved 1048576K
Event: 7664.052 GC heap after
Heap after GC invocations=70 (full 6):
 PSYoungGen      total 428032K, used 7789K [0x00000000e0000000, 0x00000000ff680000, 0x0000000100000000)
  eden space 351744K, 0% used [0x00000000e0000000,0x00000000e0000000,0x00000000f5780000)
  from space 76288K, 10% used [0x00000000fac00000,0x00000000fb39b470,0x00000000ff680000)
  to   space 81408K, 0% used [0x00000000f5780000,0x00000000f5780000,0x00000000fa700000)
 ParOldGen       total 214528K, used 152770K [0x00000000a0000000, 0x00000000ad180000, 0x00000000e0000000)
  object space 214528K, 71% used [0x00000000a0000000,0x00000000a9530a78,0x00000000ad180000)
 Metaspace       used 130584K, capacity 138742K, committed 138968K, reserved 1169408K
  class space    used 16531K, capacity 18308K, committed 18432K, reserved 1048576K
}
Event: 8362.031 GC heap before
{Heap before GC invocations=71 (full 6):
 PSYoungGen      total 428032K, used 359533K [0x00000000e0000000, 0x00000000ff680000, 0x0000000100000000)
  eden space 351744K, 100% used [0x00000000e0000000,0x00000000f5780000,0x00000000f5780000)
  from space 76288K, 10% used [0x00000000fac00000,0x00000000fb39b470,0x00000000ff680000)
  to   space 81408K, 0% used [0x00000000f5780000,0x00000000f5780000,0x00000000fa700000)
 ParOldGen       total 214528K, used 152770K [0x00000000a0000000, 0x00000000ad180000, 0x00000000e0000000)
  object space 214528K, 71% used [0x00000000a0000000,0x00000000a9530a78,0x00000000ad180000)
 Metaspace       used 131162K, capacity 139484K, committed 139608K, reserved 1171456K
  class space    used 16625K, capacity 18441K, committed 18560K, reserved 1048576K
Event: 8362.071 GC heap after
Heap after GC invocations=71 (full 6):
 PSYoungGen      total 433152K, used 10869K [0x00000000e0000000, 0x00000000ffc00000, 0x0000000100000000)
  eden space 351744K, 0% used [0x00000000e0000000,0x00000000e0000000,0x00000000f5780000)
  from space 81408K, 13% used [0x00000000f5780000,0x00000000f621d698,0x00000000fa700000)
  to   space 76800K, 0% used [0x00000000fb100000,0x00000000fb100000,0x00000000ffc00000)
 ParOldGen       total 214528K, used 156246K [0x00000000a0000000, 0x00000000ad180000, 0x00000000e0000000)
  object space 214528K, 72% used [0x00000000a0000000,0x00000000a9895928,0x00000000ad180000)
 Metaspace       used 131162K, capacity 139484K, committed 139608K, reserved 1171456K
  class space    used 16625K, capacity 18441K, committed 18560K, reserved 1048576K
}
Event: 8384.765 GC heap before
{Heap before GC invocations=72 (full 6):
 PSYoungGen      total 433152K, used 362567K [0x00000000e0000000, 0x00000000ffc00000, 0x0000000100000000)
  eden space 351744K, 99% used [0x00000000e0000000,0x00000000f5774828,0x00000000f5780000)
  from space 81408K, 13% used [0x00000000f5780000,0x00000000f621d698,0x00000000fa700000)
  to   space 76800K, 0% used [0x00000000fb100000,0x00000000fb100000,0x00000000ffc00000)
 ParOldGen       total 214528K, used 156246K [0x00000000a0000000, 0x00000000ad180000, 0x00000000e0000000)
  object space 214528K, 72% used [0x00000000a0000000,0x00000000a9895928,0x00000000ad180000)
 Metaspace       used 131181K, capacity 139484K, committed 139608K, reserved 1171456K
  class space    used 16625K, capacity 18441K, committed 18560K, reserved 1048576K
Event: 8384.810 GC heap after
Heap after GC invocations=72 (full 6):
 PSYoungGen      total 432128K, used 17199K [0x00000000e0000000, 0x00000000ff180000, 0x0000000100000000)
  eden space 366080K, 0% used [0x00000000e0000000,0x00000000e0000000,0x00000000f6580000)
  from space 66048K, 26% used [0x00000000fb100000,0x00000000fc1cbca0,0x00000000ff180000)
  to   space 71680K, 0% used [0x00000000f6580000,0x00000000f6580000,0x00000000fab80000)
 ParOldGen       total 214528K, used 163552K [0x00000000a0000000, 0x00000000ad180000, 0x00000000e0000000)
  object space 214528K, 76% used [0x00000000a0000000,0x00000000a9fb8138,0x00000000ad180000)
 Metaspace       used 131181K, capacity 139484K, committed 139608K, reserved 1171456K
  class space    used 16625K, capacity 18441K, committed 18560K, reserved 1048576K
}
Event: 8385.044 GC heap before
{Heap before GC invocations=73 (full 6):
 PSYoungGen      total 432128K, used 382614K [0x00000000e0000000, 0x00000000ff180000, 0x0000000100000000)
  eden space 366080K, 99% used [0x00000000e0000000,0x00000000f64d9c60,0x00000000f6580000)
  from space 66048K, 26% used [0x00000000fb100000,0x00000000fc1cbca0,0x00000000ff180000)
  to   space 71680K, 0% used [0x00000000f6580000,0x00000000f6580000,0x00000000fab80000)
 ParOldGen       total 214528K, used 163552K [0x00000000a0000000, 0x00000000ad180000, 0x00000000e0000000)
  object space 214528K, 76% used [0x00000000a0000000,0x00000000a9fb8138,0x00000000ad180000)
 Metaspace       used 131181K, capacity 139484K, committed 139608K, reserved 1171456K
  class space    used 16625K, capacity 18441K, committed 18560K, reserved 1048576K
Event: 8385.062 GC heap after
Heap after GC invocations=73 (full 6):
 PSYoungGen      total 437760K, used 64K [0x00000000e0000000, 0x0000000100000000, 0x0000000100000000)
  eden space 366080K, 0% used [0x00000000e0000000,0x00000000e0000000,0x00000000f6580000)
  from space 71680K, 0% used [0x00000000f6580000,0x00000000f6590000,0x00000000fab80000)
  to   space 70144K, 0% used [0x00000000fbb80000,0x00000000fbb80000,0x0000000100000000)
 ParOldGen       total 214528K, used 174316K [0x00000000a0000000, 0x00000000ad180000, 0x00000000e0000000)
  object space 214528K, 81% used [0x00000000a0000000,0x00000000aaa3b0b0,0x00000000ad180000)
 Metaspace       used 131181K, capacity 139484K, committed 139608K, reserved 1171456K
  class space    used 16625K, capacity 18441K, committed 18560K, reserved 1048576K
}

